e:\c-study\week10\day5\x64\debug\vc143.pdb
e:\c-study\week10\day5\x64\debug\vc143.idb
e:\c-study\week10\day5\x64\debug\template.obj
e:\c-study\week10\day5\x64\debug\day5.ilk
e:\c-study\week10\day5\x64\debug\day5.obj
e:\c-study\week10\x64\debug\day5.pdb
e:\c-study\week10\day5\x64\debug\day5.tlog\cl.command.1.tlog
e:\c-study\week10\day5\x64\debug\day5.tlog\cl.items.tlog
e:\c-study\week10\day5\x64\debug\day5.tlog\cl.read.1.tlog
e:\c-study\week10\day5\x64\debug\day5.tlog\cl.write.1.tlog
e:\c-study\week10\day5\x64\debug\day5.tlog\link.6604-cvtres.read.1.tlog
e:\c-study\week10\day5\x64\debug\day5.tlog\link.6604-cvtres.write.1.tlog
e:\c-study\week10\day5\x64\debug\day5.tlog\link.6604-rc.read.1.tlog
e:\c-study\week10\day5\x64\debug\day5.tlog\link.6604-rc.write.1.tlog
e:\c-study\week10\day5\x64\debug\day5.tlog\link.6604.read.1.tlog
e:\c-study\week10\day5\x64\debug\day5.tlog\link.6604.read.2.tlog
e:\c-study\week10\day5\x64\debug\day5.tlog\link.6604.write.1.tlog
e:\c-study\week10\day5\x64\debug\day5.tlog\link.command.1.tlog
e:\c-study\week10\day5\x64\debug\day5.tlog\link.read.1.tlog
e:\c-study\week10\day5\x64\debug\day5.tlog\link.secondary.1.tlog
e:\c-study\week10\day5\x64\debug\day5.tlog\link.write.1.tlog
